<?xml version="1.0" encoding="UTF-8"?>
<testng-results ignored="0" total="10" passed="10" failed="0" skipped="0">
  <reporter-output>
  </reporter-output>
  <suite started-at="2026-03-15T15:13:43 IST" name="Default suite" finished-at="2026-03-15T15:14:28 IST" duration-ms="44860">
    <groups>
      <group name="cucumber">
        <method signature="AbstractTestNGCucumberTests.runScenario(io.cucumber.testng.PickleWrapper,io.cucumber.testng.FeatureWrapper)[pri:0, instance:runner.TestRunner@327514f]" name="runScenario" class="io.cucumber.testng.AbstractTestNGCucumberTests"/>
      </group> <!-- cucumber -->
    </groups>
    <test started-at="2026-03-15T15:13:43 IST" name="Default test" finished-at="2026-03-15T15:14:28 IST" duration-ms="44860">
      <class name="runner.TestRunner">
        <test-method is-config="true" signature="setUpClass(org.testng.ITestContext)[pri:0, instance:runner.TestRunner@327514f]" started-at="2026-03-15T15:13:43 IST" name="setUpClass" finished-at="2026-03-15T15:13:44 IST" duration-ms="754" status="PASS">
          <params>
            <param index="0">
              <value>
                <![CDATA[org.testng.TestRunner@3d20e575]]>
              </value>
            </param>
          </params>
          <reporter-output>
          </reporter-output>
        </test-method> <!-- setUpClass -->
        <test-method signature="runScenario(io.cucumber.testng.PickleWrapper,io.cucumber.testng.FeatureWrapper)[pri:0, instance:runner.TestRunner@327514f]" started-at="2026-03-15T15:13:44 IST" name="runScenario" description="Runs Cucumber Scenarios" data-provider="scenarios" finished-at="2026-03-15T15:13:50 IST" duration-ms="5745" status="PASS">
          <params>
            <param index="0">
              <value>
                <![CDATA["TC01 Verify gender accepts Female"]]>
              </value>
            </param>
            <param index="1">
              <value>
                <![CDATA["BMI Calculator Testing"]]>
              </value>
            </param>
          </params>
          <reporter-output>
          </reporter-output>
        </test-method> <!-- runScenario -->
        <test-method signature="runScenario(io.cucumber.testng.PickleWrapper,io.cucumber.testng.FeatureWrapper)[pri:0, instance:runner.TestRunner@327514f]" started-at="2026-03-15T15:13:50 IST" name="runScenario" description="Runs Cucumber Scenarios" data-provider="scenarios" finished-at="2026-03-15T15:13:54 IST" duration-ms="4513" status="PASS">
          <params>
            <param index="0">
              <value>
                <![CDATA["TC02 Verify gender accepts Male"]]>
              </value>
            </param>
            <param index="1">
              <value>
                <![CDATA["BMI Calculator Testing"]]>
              </value>
            </param>
          </params>
          <reporter-output>
          </reporter-output>
        </test-method> <!-- runScenario -->
        <test-method signature="runScenario(io.cucumber.testng.PickleWrapper,io.cucumber.testng.FeatureWrapper)[pri:0, instance:runner.TestRunner@327514f]" started-at="2026-03-15T15:13:54 IST" name="runScenario" description="Runs Cucumber Scenarios" data-provider="scenarios" finished-at="2026-03-15T15:13:59 IST" duration-ms="4401" status="PASS">
          <params>
            <param index="0">
              <value>
                <![CDATA["TC03 Verify gender accepts Other"]]>
              </value>
            </param>
            <param index="1">
              <value>
                <![CDATA["BMI Calculator Testing"]]>
              </value>
            </param>
          </params>
          <reporter-output>
          </reporter-output>
        </test-method> <!-- runScenario -->
        <test-method signature="runScenario(io.cucumber.testng.PickleWrapper,io.cucumber.testng.FeatureWrapper)[pri:0, instance:runner.TestRunner@327514f]" started-at="2026-03-15T15:13:59 IST" name="runScenario" description="Runs Cucumber Scenarios" data-provider="scenarios" finished-at="2026-03-15T15:14:03 IST" duration-ms="3993" status="PASS">
          <params>
            <param index="0">
              <value>
                <![CDATA["TC04 Verify gender rejects Prefer not to say"]]>
              </value>
            </param>
            <param index="1">
              <value>
                <![CDATA["BMI Calculator Testing"]]>
              </value>
            </param>
          </params>
          <reporter-output>
          </reporter-output>
        </test-method> <!-- runScenario -->
        <test-method signature="runScenario(io.cucumber.testng.PickleWrapper,io.cucumber.testng.FeatureWrapper)[pri:0, instance:runner.TestRunner@327514f]" started-at="2026-03-15T15:14:03 IST" name="runScenario" description="Runs Cucumber Scenarios" data-provider="scenarios" finished-at="2026-03-15T15:14:07 IST" duration-ms="4042" status="PASS">
          <params>
            <param index="0">
              <value>
                <![CDATA["TC05 Verify weight placeholder shows kg in Metric"]]>
              </value>
            </param>
            <param index="1">
              <value>
                <![CDATA["BMI Calculator Testing"]]>
              </value>
            </param>
          </params>
          <reporter-output>
          </reporter-output>
        </test-method> <!-- runScenario -->
        <test-method signature="runScenario(io.cucumber.testng.PickleWrapper,io.cucumber.testng.FeatureWrapper)[pri:0, instance:runner.TestRunner@327514f]" started-at="2026-03-15T15:14:07 IST" name="runScenario" description="Runs Cucumber Scenarios" data-provider="scenarios" finished-at="2026-03-15T15:14:11 IST" duration-ms="4212" status="PASS">
          <params>
            <param index="0">
              <value>
                <![CDATA["TC06 Verify height placeholder shows cm in Metric"]]>
              </value>
            </param>
            <param index="1">
              <value>
                <![CDATA["BMI Calculator Testing"]]>
              </value>
            </param>
          </params>
          <reporter-output>
          </reporter-output>
        </test-method> <!-- runScenario -->
        <test-method signature="runScenario(io.cucumber.testng.PickleWrapper,io.cucumber.testng.FeatureWrapper)[pri:0, instance:runner.TestRunner@327514f]" started-at="2026-03-15T15:14:11 IST" name="runScenario" description="Runs Cucumber Scenarios" data-provider="scenarios" finished-at="2026-03-15T15:14:15 IST" duration-ms="4179" status="PASS">
          <params>
            <param index="0">
              <value>
                <![CDATA["TC07 Verify weight placeholder shows lb in Imperial"]]>
              </value>
            </param>
            <param index="1">
              <value>
                <![CDATA["BMI Calculator Testing"]]>
              </value>
            </param>
          </params>
          <reporter-output>
          </reporter-output>
        </test-method> <!-- runScenario -->
        <test-method signature="runScenario(io.cucumber.testng.PickleWrapper,io.cucumber.testng.FeatureWrapper)[pri:0, instance:runner.TestRunner@327514f]" started-at="2026-03-15T15:14:15 IST" name="runScenario" description="Runs Cucumber Scenarios" data-provider="scenarios" finished-at="2026-03-15T15:14:19 IST" duration-ms="4094" status="PASS">
          <params>
            <param index="0">
              <value>
                <![CDATA["TC08 Verify height placeholder shows in in Imperial"]]>
              </value>
            </param>
            <param index="1">
              <value>
                <![CDATA["BMI Calculator Testing"]]>
              </value>
            </param>
          </params>
          <reporter-output>
          </reporter-output>
        </test-method> <!-- runScenario -->
        <test-method signature="runScenario(io.cucumber.testng.PickleWrapper,io.cucumber.testng.FeatureWrapper)[pri:0, instance:runner.TestRunner@327514f]" started-at="2026-03-15T15:14:19 IST" name="runScenario" description="Runs Cucumber Scenarios" data-provider="scenarios" finished-at="2026-03-15T15:14:24 IST" duration-ms="4348" status="PASS">
          <params>
            <param index="0">
              <value>
                <![CDATA["TC09 Verify BMI calculation with Metric values"]]>
              </value>
            </param>
            <param index="1">
              <value>
                <![CDATA["BMI Calculator Testing"]]>
              </value>
            </param>
          </params>
          <reporter-output>
          </reporter-output>
        </test-method> <!-- runScenario -->
        <test-method signature="runScenario(io.cucumber.testng.PickleWrapper,io.cucumber.testng.FeatureWrapper)[pri:0, instance:runner.TestRunner@327514f]" started-at="2026-03-15T15:14:24 IST" name="runScenario" description="Runs Cucumber Scenarios" data-provider="scenarios" finished-at="2026-03-15T15:14:28 IST" duration-ms="4512" status="PASS">
          <params>
            <param index="0">
              <value>
                <![CDATA["TC10 Verify BMI calculation with Imperial values"]]>
              </value>
            </param>
            <param index="1">
              <value>
                <![CDATA["BMI Calculator Testing"]]>
              </value>
            </param>
          </params>
          <reporter-output>
          </reporter-output>
        </test-method> <!-- runScenario -->
        <test-method is-config="true" signature="tearDownClass()[pri:0, instance:runner.TestRunner@327514f]" started-at="2026-03-15T15:14:28 IST" name="tearDownClass" finished-at="2026-03-15T15:14:28 IST" duration-ms="14" status="PASS">
          <reporter-output>
          </reporter-output>
        </test-method> <!-- tearDownClass -->
      </class> <!-- runner.TestRunner -->
    </test> <!-- Default test -->
  </suite> <!-- Default suite -->
</testng-results>
