<?xml version="1.0" encoding="UTF-8"?>
<!-- Generated by org.testng.reporters.JUnitReportReporter -->
<testsuite hostname="LTIN691306" failures="0" tests="10" name="runner.TestRunner" time="44.039" errors="0" timestamp="2026-03-15T15:14:28 IST" skipped="0">
  <testcase classname="runner.TestRunner" name="runScenario" time="4.513"/>
  <testcase classname="runner.TestRunner" name="runScenario" time="4.401"/>
  <testcase classname="runner.TestRunner" name="runScenario" time="3.993"/>
  <testcase classname="runner.TestRunner" name="runScenario" time="4.179"/>
  <testcase classname="runner.TestRunner" name="runScenario" time="4.042"/>
  <testcase classname="runner.TestRunner" name="runScenario" time="4.512"/>
  <testcase classname="runner.TestRunner" name="runScenario" time="4.348"/>
  <testcase classname="runner.TestRunner" name="runScenario" time="4.212"/>
  <testcase classname="runner.TestRunner" name="runScenario" time="5.745"/>
  <testcase classname="runner.TestRunner" name="runScenario" time="4.094"/>
</testsuite> <!-- runner.TestRunner -->
