<?xml version="1.0" encoding="UTF-8"?>
<!-- Generated by org.testng.reporters.JUnitReportReporter -->
<testsuite hostname="LTIN691306" failures="0" tests="10" name="runner.TestRunner" time="45.385" errors="0" timestamp="2026-03-13T10:08:17 IST" skipped="0">
  <testcase classname="runner.TestRunner" name="runScenario" time="4.276"/>
  <testcase classname="runner.TestRunner" name="runScenario" time="4.238"/>
  <testcase classname="runner.TestRunner" name="runScenario" time="5.358"/>
  <testcase classname="runner.TestRunner" name="runScenario" time="4.618"/>
  <testcase classname="runner.TestRunner" name="runScenario" time="4.312"/>
  <testcase classname="runner.TestRunner" name="runScenario" time="4.654"/>
  <testcase classname="runner.TestRunner" name="runScenario" time="4.337"/>
  <testcase classname="runner.TestRunner" name="runScenario" time="4.573"/>
  <testcase classname="runner.TestRunner" name="runScenario" time="4.668"/>
  <testcase classname="runner.TestRunner" name="runScenario" time="4.351"/>
</testsuite> <!-- runner.TestRunner -->
